/*C12*/SET SCHEMA PUBLIC
DISCONNECT
/*C13*/SET SCHEMA PUBLIC
DISCONNECT
/*C14*/SET SCHEMA PUBLIC
DISCONNECT
/*C15*/SET SCHEMA PUBLIC
DISCONNECT
/*C16*/SET SCHEMA PUBLIC
DISCONNECT
/*C17*/SET SCHEMA PUBLIC
DISCONNECT
/*C18*/SET SCHEMA PUBLIC
DISCONNECT
/*C19*/SET SCHEMA PUBLIC
DISCONNECT
/*C20*/SET SCHEMA PUBLIC
DISCONNECT
/*C21*/SET SCHEMA PUBLIC
DISCONNECT
/*C22*/SET SCHEMA PUBLIC
DISCONNECT
/*C23*/SET SCHEMA PUBLIC
INSERT INTO FLOWERS VALUES(1,'flower1')
COMMIT
/*C24*/SET SCHEMA PUBLIC
INSERT INTO FLOWERS VALUES(0,'flower0')
COMMIT
INSERT INTO FLOWERS VALUES(2,'flower2')
COMMIT
/*C23*/DISCONNECT
/*C26*/SET SCHEMA PUBLIC
DISCONNECT
/*C27*/SET SCHEMA PUBLIC
INSERT INTO FLOWERS VALUES(3,'flower3')
COMMIT
INSERT INTO FLOWERS VALUES(3,'flower3')
COMMIT
INSERT INTO FLOWERS VALUES(3,'flower3')
COMMIT
DISCONNECT
/*C28*/SET SCHEMA PUBLIC
DISCONNECT
/*C29*/SET SCHEMA PUBLIC
INSERT INTO FLOWERS VALUES(4,'flower4')
COMMIT
INSERT INTO FLOWERS VALUES(4,'flower4')
COMMIT
INSERT INTO FLOWERS VALUES(4,'flower4')
COMMIT
/*C24*/DISCONNECT
/*C25*/SET SCHEMA PUBLIC
DISCONNECT
/*C29*/DISCONNECT
/*C30*/SET SCHEMA PUBLIC
DISCONNECT
/*C32*/SET SCHEMA PUBLIC
set schema PUBLIC
CREATE TABLE SCHOOLS(\u000d\u000a                        ID INT PRIMARY KEY,\u000d\u000a                        NAME VARCHAR(255)\u000d\u000a)
/*C33*/SET SCHEMA PUBLIC
DISCONNECT
/*C32*/INSERT INTO SCHOOLS VALUES(1,'English Forward')
COMMIT
/*C31*/SET SCHEMA PUBLIC
DISCONNECT
/*C35*/SET SCHEMA PUBLIC
DISCONNECT
/*C34*/SET SCHEMA PUBLIC
DISCONNECT
/*C32*/CREATE TABLE BRANCHES(\u000d\u000a                         ID INT PRIMARY KEY,\u000d\u000a                         NAME VARCHAR(255),\u000d\u000a                         SCHOOL_ID INT,\u000d\u000a                         FOREIGN KEY (SCHOOL_ID) REFERENCES SCHOOLS(ID)\u000d\u000a)
/*C36*/SET SCHEMA PUBLIC
DISCONNECT
/*C32*/INSERT INTO BRANCHES VALUES(1,'EF - \u0413\u043e\u0440\u044c\u043a\u043e\u0432\u0441\u043a\u0430\u044f',1)
INSERT INTO BRANCHES VALUES(2,'EF - \u041f\u0430\u0440\u043a \u041f\u043e\u0431\u0435\u0434\u044b',1)
COMMIT
/*C37*/SET SCHEMA PUBLIC
DISCONNECT
/*C39*/SET SCHEMA PUBLIC
DISCONNECT
/*C38*/SET SCHEMA PUBLIC
DROP TABLE BRANCHES
/*C42*/SET SCHEMA PUBLIC
DISCONNECT
/*C41*/SET SCHEMA PUBLIC
DISCONNECT
/*C38*/DROP TABLE SCHOOLS
/*C43*/SET SCHEMA PUBLIC
DISCONNECT
/*C40*/SET SCHEMA PUBLIC
DISCONNECT
/*C38*/CREATE TABLE SCHOOLS(\u000d\u000a                        ID INTEGER GENERATED BY DEFAULT AS IDENTITY(START WITH 1, INCREMENT BY 1) PRIMARY KEY,\u000d\u000a                        NAME VARCHAR(255)\u000d\u000a)
/*C44*/SET SCHEMA PUBLIC
DISCONNECT
/*C38*/INSERT INTO SCHOOLS VALUES(1,'English Forward')
COMMIT
CREATE TABLE BRANCHES(\u000d\u000a                         ID INTEGER GENERATED BY DEFAULT AS IDENTITY(START WITH 1, INCREMENT BY 1) PRIMARY KEY,\u000d\u000a                         NAME VARCHAR(255),\u000d\u000a                         SCHOOL_ID INT,\u000d\u000a                         FOREIGN KEY (SCHOOL_ID) REFERENCES SCHOOLS(ID)\u000d\u000a)
/*C46*/SET SCHEMA PUBLIC
DISCONNECT
/*C38*/INSERT INTO BRANCHES VALUES(1,'EF - \u0413\u043e\u0440\u044c\u043a\u043e\u0432\u0441\u043a\u0430\u044f',1)
INSERT INTO BRANCHES VALUES(2,'EF - \u041f\u0430\u0440\u043a \u041f\u043e\u0431\u0435\u0434\u044b',1)
COMMIT
/*C45*/SET SCHEMA PUBLIC
DISCONNECT
/*C47*/SET SCHEMA PUBLIC
DISCONNECT
/*C32*/DISCONNECT
/*C38*/DISCONNECT
/*C48*/SET SCHEMA PUBLIC
DISCONNECT
/*C49*/SET SCHEMA PUBLIC
DISCONNECT
/*C50*/SET SCHEMA PUBLIC
DISCONNECT
/*C51*/SET SCHEMA PUBLIC
DISCONNECT
/*C52*/SET SCHEMA PUBLIC
DISCONNECT
/*C53*/SET SCHEMA PUBLIC
DISCONNECT
/*C54*/SET SCHEMA PUBLIC
DISCONNECT
/*C56*/SET SCHEMA PUBLIC
DISCONNECT
/*C57*/SET SCHEMA PUBLIC
DISCONNECT
/*C58*/SET SCHEMA PUBLIC
DISCONNECT
/*C59*/SET SCHEMA PUBLIC
DISCONNECT
/*C60*/SET SCHEMA PUBLIC
DISCONNECT
/*C61*/SET SCHEMA PUBLIC
DISCONNECT
/*C62*/SET SCHEMA PUBLIC
DISCONNECT
/*C63*/SET SCHEMA PUBLIC
DISCONNECT
/*C64*/SET SCHEMA PUBLIC
DISCONNECT
/*C65*/SET SCHEMA PUBLIC
DISCONNECT
/*C66*/SET SCHEMA PUBLIC
DISCONNECT
/*C67*/SET SCHEMA PUBLIC
DISCONNECT
/*C68*/SET SCHEMA PUBLIC
DISCONNECT
/*C69*/SET SCHEMA PUBLIC
DISCONNECT
/*C70*/SET SCHEMA PUBLIC
DISCONNECT
/*C71*/SET SCHEMA PUBLIC
DISCONNECT
/*C55*/SET SCHEMA PUBLIC
DISCONNECT
/*C72*/SET SCHEMA PUBLIC
DISCONNECT
/*C73*/SET SCHEMA PUBLIC
DISCONNECT
/*C74*/SET SCHEMA PUBLIC
DISCONNECT
/*C75*/SET SCHEMA PUBLIC
INSERT INTO SCHOOLS VALUES(2,'AlibraSchool')
COMMIT
DISCONNECT
/*C76*/SET SCHEMA PUBLIC
DISCONNECT
/*C77*/SET SCHEMA PUBLIC
DISCONNECT
/*C78*/SET SCHEMA PUBLIC
INSERT INTO SCHOOLS VALUES(3,'DenisSchool')
COMMIT
/*C79*/SET SCHEMA PUBLIC
DISCONNECT
/*C78*/DISCONNECT
/*C80*/SET SCHEMA PUBLIC
DISCONNECT
/*C81*/SET SCHEMA PUBLIC
INSERT INTO SCHOOLS VALUES(4,'EnglishTochka')
COMMIT
DISCONNECT
/*C82*/SET SCHEMA PUBLIC
DISCONNECT
/*C83*/SET SCHEMA PUBLIC
INSERT INTO SCHOOLS VALUES(5,'GoodMorningAmerica')
COMMIT
DISCONNECT
/*C85*/SET SCHEMA PUBLIC
DISCONNECT
/*C86*/SET SCHEMA PUBLIC
DISCONNECT
/*C84*/SET SCHEMA PUBLIC
DISCONNECT
/*C87*/SET SCHEMA PUBLIC
set schema PUBLIC
CREATE TABLE ROLES(\u000d\u000a     ID INTEGER GENERATED BY DEFAULT AS IDENTITY(START WITH 1, INCREMENT BY 1) PRIMARY KEY,\u000d\u000a     ROLE VARCHAR(30) NOT NULL\u000d\u000a)
/*C88*/SET SCHEMA PUBLIC
DISCONNECT
/*C87*/INSERT INTO ROLES VALUES(1,'ADMIN')
INSERT INTO ROLES VALUES(2,'TEACHER')
INSERT INTO ROLES VALUES(3,'STUDENT')
INSERT INTO ROLES VALUES(4,'UNKNOWN')
COMMIT
INSERT INTO ROLES VALUES(5,'ADMIN')
INSERT INTO ROLES VALUES(6,'TEACHER')
INSERT INTO ROLES VALUES(7,'STUDENT')
INSERT INTO ROLES VALUES(8,'UNKNOWN')
COMMIT
/*C89*/SET SCHEMA PUBLIC
DELETE FROM ROLES WHERE ID=5
DELETE FROM ROLES WHERE ID=6
DELETE FROM ROLES WHERE ID=7
DELETE FROM ROLES WHERE ID=8
COMMIT
DISCONNECT
/*C87*/CREATE TABLE USERS(\u000d\u000a                      ID INTEGER GENERATED BY DEFAULT AS IDENTITY(START WITH 1, INCREMENT BY 1) PRIMARY KEY,\u000d\u000a                      LASTNAME VARCHAR(255) NOT NULL,\u000d\u000a                      FIRSTNAME VARCHAR(255) NOT NULL,\u000d\u000a                      MIDDLENAME VARCHAR(255),\u000d\u000a                      LOGIN VARCHAR(255) NOT NULL,\u000d\u000a                      PASSWORD VARCHAR(255) NOT NULL,\u000d\u000a                      ROLE_ID INT NOT NULL,\u000d\u000a                      BRANCH_ID INT NOT NULL,\u000d\u000a                      FOREIGN KEY (ROLE_ID) REFERENCES ROLES(ID),\u000d\u000a                      FOREIGN KEY (BRANCH_ID) REFERENCES BRANCHES(ID)\u000d\u000a)
/*C90*/SET SCHEMA PUBLIC
DISCONNECT
/*C87*/DROP TABLE USERS
/*C91*/SET SCHEMA PUBLIC
DISCONNECT
/*C87*/CREATE TABLE USERS(\u000d\u000a                      ID INTEGER GENERATED BY DEFAULT AS IDENTITY(START WITH 1, INCREMENT BY 1) PRIMARY KEY,\u000d\u000a                      LASTNAME VARCHAR(255) NOT NULL,\u000d\u000a                      FIRSTNAME VARCHAR(255) NOT NULL,\u000d\u000a                      MIDDLENAME VARCHAR(255),\u000d\u000a                      EMAIL VARCHAR(255) NOT NULL,\u000d\u000a                      LOGIN VARCHAR(255) NOT NULL,\u000d\u000a                      PASSWORD VARCHAR(255) NOT NULL,\u000d\u000a                      ROLE_ID INT NOT NULL,\u000d\u000a                      BRANCH_ID INT NOT NULL,\u000d\u000a                      FOREIGN KEY (ROLE_ID) REFERENCES ROLES(ID),\u000d\u000a                      FOREIGN KEY (BRANCH_ID) REFERENCES BRANCHES(ID)\u000d\u000a)
/*C92*/SET SCHEMA PUBLIC
DISCONNECT
/*C87*/INSERT INTO USERS VALUES(1,'Ruzaeva','Alisa','Andreevna','alise.ruzaeva@yandex.ru','alise.ruzaeva@yandex.ru','1',3,2)
COMMIT
/*C93*/SET SCHEMA PUBLIC
DISCONNECT
/*C87*/DISCONNECT
/*C95*/SET SCHEMA PUBLIC
DISCONNECT
/*C94*/SET SCHEMA PUBLIC
DISCONNECT
